<?xml version="1.0" encoding="UTF-8"?>
<coverage generated="1618593879892" clover="3.2.0">
  <project timestamp="1618593879893" name="All files">
    <metrics statements="28" coveredstatements="28" conditionals="0" coveredconditionals="0" methods="3" coveredmethods="3" elements="31" coveredelements="31" complexity="0" loc="28" ncloc="28" packages="1" files="1" classes="1"/>
    <file name="age-calculator.js" path="C:\Users\jesse\OneDrive\Desktop\Epicodus\05 week-five\super-galactic-age-calculator\src\js\age-calculator.js">
      <metrics statements="28" coveredstatements="28" conditionals="0" coveredconditionals="0" methods="3" coveredmethods="3"/>
      <line num="3" count="6" type="stmt"/>
      <line num="4" count="6" type="stmt"/>
      <line num="5" count="6" type="stmt"/>
      <line num="6" count="6" type="stmt"/>
      <line num="7" count="6" type="stmt"/>
      <line num="8" count="6" type="stmt"/>
      <line num="9" count="6" type="stmt"/>
      <line num="10" count="6" type="stmt"/>
      <line num="11" count="6" type="stmt"/>
      <line num="12" count="6" type="stmt"/>
      <line num="13" count="6" type="stmt"/>
      <line num="14" count="6" type="stmt"/>
      <line num="17" count="5" type="stmt"/>
      <line num="18" count="5" type="stmt"/>
      <line num="19" count="5" type="stmt"/>
      <line num="20" count="5" type="stmt"/>
      <line num="22" count="5" type="stmt"/>
      <line num="23" count="5" type="stmt"/>
      <line num="24" count="5" type="stmt"/>
      <line num="25" count="5" type="stmt"/>
      <line num="27" count="5" type="stmt"/>
      <line num="28" count="5" type="stmt"/>
      <line num="29" count="5" type="stmt"/>
      <line num="30" count="5" type="stmt"/>
      <line num="32" count="5" type="stmt"/>
      <line num="33" count="5" type="stmt"/>
      <line num="34" count="5" type="stmt"/>
      <line num="35" count="5" type="stmt"/>
    </file>
  </project>
</coverage>
