{"C:\\Users\\jesse\\OneDrive\\Desktop\\Epicodus\\05 week-five\\super-galactic-age-calculator\\src\\js\\age-calculator.js": {"path":"C:\\Users\\jesse\\OneDrive\\Desktop\\Epicodus\\05 week-five\\super-galactic-age-calculator\\src\\js\\age-calculator.js","statementMap":{"0":{"start":{"line":3,"column":8},"end":{"line":3,"column":25}},"1":{"start":{"line":4,"column":8},"end":{"line":4,"column":37}},"2":{"start":{"line":5,"column":8},"end":{"line":5,"column":45}},"3":{"start":{"line":6,"column":8},"end":{"line":6,"column":28}},"4":{"start":{"line":7,"column":8},"end":{"line":7,"column":26}},"5":{"start":{"line":8,"column":8},"end":{"line":8,"column":25}},"6":{"start":{"line":9,"column":8},"end":{"line":9,"column":28}},"7":{"start":{"line":10,"column":8},"end":{"line":10,"column":55}},"8":{"start":{"line":11,"column":8},"end":{"line":11,"column":39}},"9":{"start":{"line":12,"column":8},"end":{"line":12,"column":35}},"10":{"start":{"line":13,"column":8},"end":{"line":13,"column":37}},"11":{"start":{"line":14,"column":8},"end":{"line":14,"column":33}},"12":{"start":{"line":15,"column":8},"end":{"line":15,"column":36}},"13":{"start":{"line":16,"column":8},"end":{"line":16,"column":32}},"14":{"start":{"line":17,"column":8},"end":{"line":17,"column":39}},"15":{"start":{"line":18,"column":8},"end":{"line":18,"column":35}},"16":{"start":{"line":22,"column":32},"end":{"line":22,"column":64}},"17":{"start":{"line":23,"column":8},"end":{"line":23,"column":44}},"18":{"start":{"line":24,"column":39},"end":{"line":24,"column":80}},"19":{"start":{"line":25,"column":8},"end":{"line":25,"column":62}},"20":{"start":{"line":27,"column":30},"end":{"line":27,"column":62}},"21":{"start":{"line":28,"column":8},"end":{"line":28,"column":40}},"22":{"start":{"line":29,"column":37},"end":{"line":29,"column":78}},"23":{"start":{"line":30,"column":8},"end":{"line":30,"column":58}},"24":{"start":{"line":32,"column":29},"end":{"line":32,"column":61}},"25":{"start":{"line":33,"column":8},"end":{"line":33,"column":38}},"26":{"start":{"line":34,"column":36},"end":{"line":34,"column":77}},"27":{"start":{"line":35,"column":8},"end":{"line":35,"column":56}},"28":{"start":{"line":37,"column":32},"end":{"line":37,"column":65}},"29":{"start":{"line":38,"column":8},"end":{"line":38,"column":44}},"30":{"start":{"line":39,"column":39},"end":{"line":39,"column":81}},"31":{"start":{"line":40,"column":8},"end":{"line":40,"column":62}},"32":{"start":{"line":43,"column":32},"end":{"line":43,"column":76}},"33":{"start":{"line":44,"column":8},"end":{"line":48,"column":9}},"34":{"start":{"line":45,"column":12},"end":{"line":45,"column":64}},"35":{"start":{"line":47,"column":12},"end":{"line":47,"column":55}},"36":{"start":{"line":49,"column":30},"end":{"line":49,"column":70}},"37":{"start":{"line":50,"column":8},"end":{"line":54,"column":9}},"38":{"start":{"line":51,"column":12},"end":{"line":51,"column":60}},"39":{"start":{"line":53,"column":12},"end":{"line":53,"column":51}},"40":{"start":{"line":56,"column":29},"end":{"line":56,"column":67}},"41":{"start":{"line":57,"column":8},"end":{"line":61,"column":9}},"42":{"start":{"line":58,"column":12},"end":{"line":58,"column":58}},"43":{"start":{"line":60,"column":12},"end":{"line":60,"column":49}},"44":{"start":{"line":63,"column":32},"end":{"line":63,"column":76}},"45":{"start":{"line":64,"column":8},"end":{"line":68,"column":9}},"46":{"start":{"line":65,"column":12},"end":{"line":65,"column":64}},"47":{"start":{"line":67,"column":12},"end":{"line":67,"column":55}}},"fnMap":{"0":{"name":"(anonymous_0)","decl":{"start":{"line":2,"column":4},"end":{"line":2,"column":5}},"loc":{"start":{"line":2,"column":71},"end":{"line":20,"column":5}},"line":2},"1":{"name":"(anonymous_1)","decl":{"start":{"line":21,"column":4},"end":{"line":21,"column":5}},"loc":{"start":{"line":21,"column":21},"end":{"line":41,"column":5}},"line":21},"2":{"name":"(anonymous_2)","decl":{"start":{"line":42,"column":4},"end":{"line":42,"column":5}},"loc":{"start":{"line":42,"column":25},"end":{"line":69,"column":5}},"line":42}},"branchMap":{"0":{"loc":{"start":{"line":44,"column":8},"end":{"line":48,"column":9}},"type":"if","locations":[{"start":{"line":44,"column":8},"end":{"line":48,"column":9}},{"start":{"line":44,"column":8},"end":{"line":48,"column":9}}],"line":44},"1":{"loc":{"start":{"line":50,"column":8},"end":{"line":54,"column":9}},"type":"if","locations":[{"start":{"line":50,"column":8},"end":{"line":54,"column":9}},{"start":{"line":50,"column":8},"end":{"line":54,"column":9}}],"line":50},"2":{"loc":{"start":{"line":57,"column":8},"end":{"line":61,"column":9}},"type":"if","locations":[{"start":{"line":57,"column":8},"end":{"line":61,"column":9}},{"start":{"line":57,"column":8},"end":{"line":61,"column":9}}],"line":57},"3":{"loc":{"start":{"line":64,"column":8},"end":{"line":68,"column":9}},"type":"if","locations":[{"start":{"line":64,"column":8},"end":{"line":68,"column":9}},{"start":{"line":64,"column":8},"end":{"line":68,"column":9}}],"line":64}},"s":{"0":9,"1":9,"2":9,"3":9,"4":9,"5":9,"6":9,"7":9,"8":9,"9":9,"10":9,"11":9,"12":9,"13":9,"14":9,"15":9,"16":8,"17":8,"18":8,"19":8,"20":8,"21":8,"22":8,"23":8,"24":8,"25":8,"26":8,"27":8,"28":8,"29":8,"30":8,"31":8,"32":4,"33":4,"34":1,"35":3,"36":4,"37":4,"38":1,"39":3,"40":4,"41":4,"42":1,"43":3,"44":4,"45":4,"46":1,"47":3},"f":{"0":9,"1":8,"2":4},"b":{"0":[1,3],"1":[1,3],"2":[1,3],"3":[1,3]},"_coverageSchema":"43e27e138ebf9cfc5966b082cf9a028302ed4184","hash":"ea70c2b92d350c0d66c7857c791849e63a51320c"}
}
