TN:
SF:C:\Users\jesse\OneDrive\Desktop\Epicodus\05 week-five\super-galactic-age-calculator\src\js\age-calculator.js
FN:2,(anonymous_0)
FN:21,(anonymous_1)
FN:42,(anonymous_2)
FNF:3
FNH:3
FNDA:8,(anonymous_0)
FNDA:7,(anonymous_1)
FNDA:3,(anonymous_2)
DA:3,8
DA:4,8
DA:5,8
DA:6,8
DA:7,8
DA:8,8
DA:9,8
DA:10,8
DA:11,8
DA:12,8
DA:13,8
DA:14,8
DA:15,8
DA:16,8
DA:17,8
DA:18,8
DA:22,7
DA:23,7
DA:24,7
DA:25,7
DA:27,7
DA:28,7
DA:29,7
DA:30,7
DA:32,7
DA:33,7
DA:34,7
DA:35,7
DA:37,7
DA:38,7
DA:39,7
DA:40,7
DA:43,3
DA:44,3
DA:46,3
DA:47,3
DA:49,3
DA:50,3
DA:52,3
DA:53,3
LF:40
LH:40
BRF:0
BRH:0
end_of_record
