TN:
SF:C:\Users\jesse\OneDrive\Desktop\Epicodus\05 week-five\super-galactic-age-calculator\src\js\age-calculator.js
FN:2,(anonymous_0)
FN:17,(anonymous_1)
FN:40,(anonymous_2)
FNF:3
FNH:3
FNDA:6,(anonymous_0)
FNDA:5,(anonymous_1)
FNDA:1,(anonymous_2)
DA:3,6
DA:4,6
DA:5,6
DA:6,6
DA:7,6
DA:8,6
DA:9,6
DA:10,6
DA:11,6
DA:12,6
DA:13,6
DA:14,6
DA:15,6
DA:18,5
DA:19,5
DA:20,5
DA:21,5
DA:22,5
DA:23,5
DA:25,5
DA:26,5
DA:27,5
DA:28,5
DA:30,5
DA:31,5
DA:32,5
DA:33,5
DA:35,5
DA:36,5
DA:37,5
DA:38,5
LF:31
LH:31
BRF:0
BRH:0
end_of_record
